#
# There is insufficient memory for the Java Runtime Environment to continue.
# Native memory allocation (mmap) failed to map 132120576 bytes for G1 virtual space
# Possible reasons:
#   The system is out of physical RAM or swap space
#   The process is running with CompressedOops enabled, and the Java Heap may be blocking the growth of the native heap
# Possible solutions:
#   Reduce memory load on the system
#   Increase physical memory or swap space
#   Check if swap backing store is full
#   Decrease Java heap size (-Xmx/-Xms)
#   Decrease number of Java threads
#   Decrease Java thread stack sizes (-Xss)
#   Set larger code cache with -XX:ReservedCodeCacheSize=
#   JVM is running with Unscaled Compressed Oops mode in which the Java heap is
#     placed in the first 4GB address space. The Java Heap base address is the
#     maximum limit for the native heap growth. Please use -XX:HeapBaseMinAddress
#     to set the Java Heap base and to place the Java Heap above 4GB virtual address.
# This output file may be truncated or incomplete.
#
#  Out of Memory Error (os_windows.cpp:3532), pid=15152, tid=13552
#
# JRE version:  (17.0.2+8) (build )
# Java VM: OpenJDK 64-Bit Server VM (17.0.2+8, mixed mode, emulated-client, sharing, tiered, compressed oops, compressed class ptrs, g1 gc, windows-amd64)
# No core dump will be written. Minidumps are not enabled by default on client versions of Windows
#

---------------  S U M M A R Y ------------

Command Line: -Dcom.sun.management.jmxremote -Dcom.sun.management.jmxremote.port=58213 -Dcom.sun.management.jmxremote.authenticate=false -Dcom.sun.management.jmxremote.ssl=false -Djava.rmi.server.hostname=localhost -Dspring.jmx.enabled=true -Dspring.application.admin.enabled=true -XX:TieredStopAtLevel=1 -Dspring.boot.project.name=service-client -Dfile.encoding=UTF-8 -XX:+ShowCodeDetailsInExceptionMessages com.example.serviceclient.ServiceInscriptionApplication --spring.output.ansi.enabled=always

Host: Intel(R) Core(TM) i5-6300U CPU @ 2.40GHz, 4 cores, 7G,  Windows 10 , 64 bit Build 19041 (10.0.19041.1889)
Time: Sun Oct  2 23:23:55 2022 Paris, Madrid (heure duild 19041 (10.0.19041.1889) elapsed time: 0.034188 seconds (0d 0h 0m 0s)

---------------  T H R E A D  ---------------

Current thread (0x00000232b615b8b0):  JavaThread "Unknown thread" [_thread_in_vm, id=13552, stack(0x000000f65a000000,0x000000f65a100000)]

Stack: [0x000000f65a000000,0x000000f65a100000]
Native frames: (J=compiled Java code, j=interpreted, Vv=VM code, C=native code)
V  [jvm.dll+0x67564a]
V  [jvm.dll+0x82fc04]
V  [jvm.dll+0x8313ae]
V  [jvm.dll+0x831a13]
V  [jvm.dll+0x245235]
V  [jvm.dll+0x672539]
V  [jvm.dll+0x666e82]
V  [jvm.dll+0x30401b]
V  [jvm.dll+0x30b566]
V  [jvm.dll+0x35b1fe]
V  [jvm.dll+0x35b42f]
V  [jvm.dll+0x2daf58]
V  [jvm.dll+0x2dbec4]
V  [jvm.dll+0x801881]
V  [jvm.dll+0x368f81]
V  [jvm.dll+0x7e0cdc]
V  [jvm.dll+0x3eb8bf]
V  [jvm.dll+0x3ed441]
C  [jli.dll+0x5277]
C  [ucrtbase.dll+0x21bb2]
C  [KERNEL32.DLL+0x17034]
C  [ntdll.dll+0x526a1]


---------------  P R O C E S S  ---------------

Threads class SMR info:
_java_thread_list=0x00007ffb36ed5e98, length=0, elements={
}

Java Threads: ( => current thread )

Other Threads:
  0x00000232b619bf10 GCTaskThread "GC Thread#0" [stack: 0x000000f65a100000,0x000000f65a200000] [id=7988]
  0x00000232b61ac8e0 ConcurrentGCThread "G1 Main Marker" [stack: 0x000000f65a200000,0x000000f65a300000] [id=15300]
  0x00000232b61adae0 ConcurrentGCThread "G1 Conc#0" [stack: 0x000000f65a300000,0x000000f65a400000] [id=16736]

[error occurred during error reporting (printing all threads), id 0xc0000005, EXCEPTION_ACCESS_VIOLATION (0xc0000005) at pc=0x00007ffb366ab9d7]

VM state: not at safepoint (not fully initialized)

VM Mutex/Monitor currently owned by a thread:  ([mutex/lock_event])
[0x00000232b6158320] Heap_lock - owner thread: 0x00000232b615b8b0

Heap address: 0x0000000082400000, size: 2012 MB, Compressed Oops mode: 32-bit

CDS archive(s) mapped at: [0x0000000000000000-0x0000000000000000-0x0000000000000000), size 0, SharedBaseAddress: 0x0000000800000000, ArchiveRelocationMode: 0.
Narrow klass base: 0x0000000000000000, Narrow klass shift: 0, Narrow klass range: 0x0

GC Precious Log:
<Empty>

Heap:
 garbage-first heap   total 0K, used 0K [0x0000000082400000, 0x0000000100000000)
  region size 1024K, 0 young (0K), 0 survivors (0K)

[error occurred during error reporting (printing heap information), id 0xc0000005, EXCEPTION_ACCESS_VIOLATION (0xc0000005) at pc=0x00007ffb36a8e899]

GC Heap History (0 events):
No events

Deoptimization events (0 events):
No events

Classes unloaded (0 events):
No events

Classes redefined (0 events):
No events

Internal exceptions (0 events):
No events

VM Operations (0 events):
No events

Events (1 events):
Event: 0.016 Loaded shared library D:\seck\sts-4.14.1.RELEASE\plugins\org.eclipse.justj.openjdk.hotspot.jre.full.win32.x86_64_17.0.2.v20220201-1208\jre\bin\java.dll


Dynamic libraries:
0x00007ff6a2420000 - 0x00007ff6a242e000 	D:\seck\sts-4.14.1.RELEASE\plugins\org.eclipse.justj.openjdk.hotspot.jre.full.win32.x86_64_17.0.2.v20220201-1208\jre\bin\javaw.exe
0x00007ffb8b130000 - 0x00007ffb8b328000 	C:\WINDOWS\SYSTEM32\ntdll.dll
0x00007ffb8a720000 - 0x00007ffb8a7dd000 	C:\WINDOWS\System32\KERNEL32.DLL
0x00007ffb88bf0000 - 0x00007ffb88ebe000 	C:\WINDOWS\System32\KERNELBASE.dll
0x00007ffb89020000 - 0x00007ffb89120000 	C:\WINDOWS\System32\ucrtbase.dll
0x00007ffb45b80000 - 0x00007ffb45b98000 	D:\seck\sts-4.14.1.RELEASE\plugins\org.eclipse.justj.openjdk.hotspot.jre.full.win32.x86_64_17.0.2.v20220201-1208\jre\bin\jli.dll
0x00007ffb89990000 - 0x00007ffb89b30000 	C:\WINDOWS\System32\USER32.dll
0x00007ffb88ae0000 - 0x00007ffb88b02000 	C:\WINDOWS\System32\win32u.dll
0x00007ffb89b30000 - 0x00007ffb89b5a000 	C:\WINDOWS\System32\GDI32.dll
0x00007ffb88f10000 - 0x00007ffb8901b000 	C:\WINDOWS\System32\gdi32full.dll
0x00007ffb88a40000 - 0x00007ffb88add000 	C:\WINDOWS\System32\msvcp_win.dll
0x00007ffb45d40000 - 0x00007ffb45d59000 	D:\seck\sts-4.14.1.RELEASE\plugins\org.eclipse.justj.openjdk.hotspot.jre.full.win32.x86_64_17.0.2.v20220201-1208\jre\bin\VCRUNTIME140.dll
0x00007ffb74b60000 - 0x00007ffb74dfa000 	C:\WINDOWS\WinSxS\amd64_microsoft.windows.common-controls_6595b64144ccf1df_6.0.19041.1110_none_60b5254171f9507e\COMCTL32.dll
0x00007ffb89c90000 - 0x00007ffb89d2e000 	C:\WINDOWS\System32\msvcrt.dll
0x00007ffb89e70000 - 0x00007ffb89ea0000 	C:\WINDOWS\System32\IMM32.DLL
0x00007ffb4dac0000 - 0x00007ffb4dacc000 	D:\seck\sts-4.14.1.RELEASE\plugins\org.eclipse.justj.openjdk.hotspot.jre.full.win32.x86_64_17.0.2.v20220201-1208\jre\bin\vcruntime140_1.dll
0x00007ffb17fc0000 - 0x00007ffb18051000 	D:\seck\sts-4.14.1.RELEASE\plugins\org.eclipse.justj.openjdk.hotspot.jre.full.win32.x86_64_17.0.2.v20220201-1208\jre\bin\msvcp140.dll
0x00007ffb363c0000 - 0x00007ffb37007000 	D:\seck\sts-4.14.1.RELEASE\plugins\org.eclipse.justj.openjdk.hotspot.jre.full.win32.x86_64_17.0.2.v20220201-1208\jre\bin\server\jvm.dll
0x00007ffb89db0000 - 0x00007ffb89e5e000 	C:\WINDOWS\System32\ADVAPI32.dll
0x00007ffb89390000 - 0x00007ffb8942c000 	C:\WINDOWS\System32\sechost.dll
0x00007ffb8ad00000 - 0x00007ffb8ae25000 	C:\WINDOWS\System32\RPCRT4.dll
0x00007ffb8acf0000 - 0x00007ffb8acf8000 	C:\WINDOWS\System32\PSAPI.DLL
0x00007ffb6df50000 - 0x00007ffb6df59000 	C:\WINDOWS\SYSTEM32\WSOCK32.dll
0x00007ffb89ea0000 - 0x00007ffb89f0b000 	C:\WINDOWS\System32\WS2_32.dll
0x00007ffb70c90000 - 0x00007ffb70cb7000 	C:\WINDOWS\SYSTEM32\WINMM.dll
0x00007ffb7f720000 - 0x00007ffb7f72a000 	C:\WINDOWS\SYSTEM32\VERSION.dll
0x00007ffb87100000 - 0x00007ffb87112000 	C:\WINDOWS\SYSTEM32\kernel.appcore.dll
0x00007ffb51bf0000 - 0x00007ffb51bfa000 	D:\seck\sts-4.14.1.RELEASE\plugins\org.eclipse.justj.openjdk.hotspot.jre.full.win32.x86_64_17.0.2.v20220201-1208\jre\bin\jimage.dll
0x00007ffb86d60000 - 0x00007ffb86f44000 	C:\WINDOWS\SYSTEM32\DBGHELP.DLL
0x00007ffb6bed0000 - 0x00007ffb6befc000 	C:\WINDOWS\SYSTEM32\dbgcore.DLL
0x00007ffb889b0000 - 0x00007ffb88a32000 	C:\WINDOWS\System32\bcryptPrimitives.dll
0x00007ffb51bc0000 - 0x00007ffb51be5000 	D:\seck\sts-4.14.1.RELEASE\plugins\org.eclipse.justj.openjdk.hotspot.jre.full.win32.x86_64_17.0.2.v20220201-1208\jre\bin\java.dll

dbghelp: loaded successfully - version: 4.0.5 - missing functions: none
symbol engine: initialized successfully - sym options: 0x614 - pdb path: .;D:\seck\sts-4.14.1.RELEASE\plugins\org.eclipse.justj.openjdk.hotspot.jre.full.win32.x86_64_17.0.2.v20220201-1208\jre\bin;C:\WINDOWS\SYSTEM32;C:\WINDOWS\WinSxS\amd64_microsoft.windows.common-controls_6595b64144ccf1df_6.0.19041.1110_none_60b5254171f9507e;D:\seck\sts-4.14.1.RELEASE\plugins\org.eclipse.justj.openjdk.hotspot.jre.full.win32.x86_64_17.0.2.v20220201-1208\jre\bin\server

VM Arguments:
jvm_args: -Dcom.sun.management.jmxremote -Dcom.sun.management.jmxremote.port=58213 -Dcom.sun.management.jmxremote.authenticate=false -Dcom.sun.management.jmxremote.ssl=false -Djava.rmi.server.hostname=localhost -Dspring.jmx.enabled=true -Dspring.application.admin.enabled=true -XX:TieredStopAtLevel=1 -Dspring.boot.project.name=service-client -Dfile.encoding=UTF-8 -XX:+ShowCodeDetailsInExceptionMessages 
java_command: com.example.serviceclient.ServiceInscriptionApplication --spring.output.ansi.enabled=always
java_class_path (initial): D:\seck\service-inscription\target\classes;C:\Users\Aidara\.m2\repository\org\springframework\boot\spring-boot-starter-data-jdbc\2.7.1\spring-boot-starter-data-jdbc-2.7.1.jar;C:\Users\Aidara\.m2\repository\org\springframework\data\spring-data-jdbc\2.4.1\spring-data-jdbc-2.4.1.jar;C:\Users\Aidara\.m2\repository\org\springframework\data\spring-data-relational\2.4.1\spring-data-relational-2.4.1.jar;C:\Users\Aidara\.m2\repository\org\springframework\data\spring-data-commons\2.7.1\spring-data-commons-2.7.1.jar;C:\Users\Aidara\.m2\repository\org\springframework\spring-tx\5.3.21\spring-tx-5.3.21.jar;C:\Users\Aidara\.m2\repository\org\springframework\spring-context\5.3.21\spring-context-5.3.21.jar;C:\Users\Aidara\.m2\repository\org\springframework\spring-beans\5.3.21\spring-beans-5.3.21.jar;C:\Users\Aidara\.m2\repository\org\slf4j\slf4j-api\1.7.36\slf4j-api-1.7.36.jar;C:\Users\Aidara\.m2\repository\org\springframework\boot\spring-boot-starter-data-jpa\2.7.1\spring-boot-starter-data-jpa-2.7.1.jar;C:\Users\Aidara\.m2\repository\org\springframework\boot\spring-boot-starter-aop\2.7.1\spring-boot-starter-aop-2.7.1.jar;C:\Users\Aidara\.m2\repository\org\springframework\spring-aop\5.3.21\spring-aop-5.3.21.jar;C:\Users\Aidara\.m2\repository\org\aspectj\aspectjweaver\1.9.7\aspectjweaver-1.9.7.jar;C:\Users\Aidara\.m2\repository\jakarta\transaction\jakarta.transaction-api\1.3.3\jakarta.transaction-api-1.3.3.jar;C:\Users\Aidara\.m2\repository\jakarta\persistence\jakarta.persistence-api\2.2.3\jakarta.persistence-api-2.2.3.jar;C:\Users\Aidara\.m2\repository\org\hibernate\hibernate-core\5.6.9.Final\hibernate-core-5.6.9.Final.jar;C:\Users\Aidara\.m2\repository\org\jboss\logging\jboss-logging\3.4.3.Final\jboss-logging-3.4.3.Final.jar;C:\Users\Aidara\.m2\repository\net\bytebuddy\byte-buddy\1.12.11\byte-buddy-1.12.11.jar;C:\Users\Aidara\.m2\repository\antlr\antlr\2.7.7\antlr-2.7.7.jar;C:\Users\Aidara\.m2\repository\org\jboss\jandex\2.4.2.Final\jandex-2.4.2.Final.j
Launcher Type: SUN_STANDARD

[Global flags]
     intx CICompilerCount                          = 3                                         {product} {ergonomic}
     uint ConcGCThreads                            = 1                                         {product} {ergonomic}
     uint G1ConcRefinementThreads                  = 4                                         {product} {ergonomic}
   size_t G1HeapRegionSize                         = 1048576                                   {product} {ergonomic}
    uintx GCDrainStackTargetSize                   = 64                                        {product} {ergonomic}
   size_t InitialHeapSize                          = 132120576                                 {product} {ergonomic}
     bool ManagementServer                         = true                                      {product} {command line}
   size_t MarkStackSize                            = 4194304                                   {product} {ergonomic}
   size_t MaxHeapSize                              = 2109734912                                {product} {ergonomic}
   size_t MinHeapDeltaBytes                        = 1048576                                   {product} {ergonomic}
   size_t MinHeapSize                              = 8388608                                   {product} {ergonomic}
    uintx NonProfiledCodeHeapSize                  = 0                                      {pd product} {ergonomic}
     bool ProfileInterpreter                       = false                                  {pd product} {command line}
    uintx ProfiledCodeHeapSize                     = 0                                      {pd product} {ergonomic}
     bool ShowCodeDetailsInExceptionMessages       = true                                   {manageable} {command line}
   size_t SoftMaxHeapSize                          = 2109734912                             {manageable} {ergonomic}
     intx TieredStopAtLevel                        = 1                                         {product} {command line}
     bool UseCompressedClassPointers               = true                           {product lp64_product} {ergonomic}
     bool UseCompressedOops                        = true                           {product lp64_product} {ergonomic}
     bool UseG1GC                                  = true                                      {product} {ergonomic}
     bool UseLargePagesIndividualAllocation        = false                                  {pd product} {ergonomic}

Logging:
Log output configuration:
 #0: stdout all=warning uptime,level,tags
 #1: stderr all=off uptime,level,tags

Environment Variables:
JAVA_HOME=C:\Program Files\Java\jre1.8.0_301
PATH=D:/seck/sts-4.14.1.RELEASE//plugins/org.eclipse.justj.openjdk.hotspot.jre.full.win32.x86_64_17.0.2.v20220201-1208/jre/bin/server;D:/seck/sts-4.14.1.RELEASE//plugins/org.eclipse.justj.openjdk.hotspot.jre.full.win32.x86_64_17.0.2.v20220201-1208/jre/bin;D:\oracle\app\oracle\product\10.2.0\server\bin;D:\Telechargement\WINDOWS.X64_193000_db_home\bin;C:\Program Files\Common Files\Oracle\Java\javapath;C:\Program Files\Azure Data Studio\bin;C:\Program Files (x86)\Microsoft SQL Server\150\Tools\Binn\;C:\Program Files\Microsoft SQL Server\150\Tools\Binn\;C:\Program Files (x86)\Microsoft SQL Server\150\DTS\Binn\;C:\Program Files\Microsoft SQL Server\150\DTS\Binn\;C:\Program Files\Microsoft SQL Server\Client SDK\ODBC\170\Tools\Binn\;C:\Program Files\dotnet\;C:\WINDOWS\system32;C:\WINDOWS;C:\WINDOWS\System32\Wbem;C:\WINDOWS\System32\WindowsPowerShell\v1.0\;C:\WINDOWS\System32\OpenSSH\;C:\Users\Aidara\AppData\Local\Programs\Python\Python310\Scripts\;C:\Hadoop\bin;C:\Users\Aidara\AppData\Local\Programs\Python\Python310\;C:\Users\Aidara\AppData\Local\Programs\Python\Launcher\;C:\spark\spark-3.0.3-bin-hadoop2.7\spark-3.0.3-bin-hadoop2.7\bin;C:\Program Files\nodejs\;C:\ProgramData\chocolatey\bin;C:\Program Files\Git\cmd;C:\Program Files\Java\jre1.8.0_301\bin;C:\Python310\Scripts\;C:\Python310\;C:\Program Files\Azure Data Studio\bin;C:\Users\Aidara\.dotnet\tools;C:\Program Files\JetBrains\IntelliJ IDEA 2021.3.1\bin;;C:\Users\Aidara\AppData\Local\Microsoft\WindowsApps;C:\Users\Aidara\AppData\Local\Programs\Microsoft VS Code\bin;C:\Hadoop\bin;C:\spark\spark-3.0.3-bin-hadoop2.7\spark-3.0.3-bin-hadoop2.7\bin;C:\Hadoop\bin;C:\Users\Aidara\AppData\Roaming\npm;C:\Program Files\Java\jre1.8.0_301\bin;;D:\seck\sts-4.14.1.RELEASE;
USERNAME=Aidara
OS=Windows_NT
PROCESSOR_IDENTIFIER=Intel64 Family 6 Model 78 Stepping 3, GenuineIntel



---------------  S Y S T E M  ---------------

OS:
 Windows 10 , 64 bit Build 19041 (10.0.19041.1889)
OS uptime: 0 days 23:20 hours

CPU: total 4 (initial active 4) (2 cores per cpu, 2 threads per core) family 6 model 78 stepping 3 microcode 0xcc, cx8, cmov, fxsr, ht, mmx, 3dnowpref, sse, sse2, sse3, ssse3, sse4.1, sse4.2, popcnt, lzcnt, tsc, tscinvbit, avx, avx2, aes, erms, clmul, bmi1, bmi2, rtm, adx, fma, vzeroupper, clflush, clflushopt

Memory: 4k page, system-wide physical 8047M (1253M free)
TotalPageFile size 10957M (AvailPageFile size 82M)
current process WorkingSet (physical memory assigned to process): 10M, peak: 10M
current process commit charge ("private bytes"): 46M, peak: 172M

vm_info: OpenJDK 64-Bit Server VM (17.0.2+8) for windows-amd64 JRE (17.0.2+8), built on Jan 20 2022 04:52:34 by "" with MS VC++ 16.7 (VS2019)

END.
